2016-04-14 17:51:21,845 ERROR [org.jasig.cas.web.init.SafeContextLoaderListener] - SafeContextLoaderListener: 
The Spring ContextLoaderListener we wrap threw on contextInitialized.
But for our having caught this error, the web application context would not have initialized.
org.springframework.beans.factory.BeanCreationException: Error creating bean with name 'org.springframework.security.filterChainProxy': Cannot create inner bean '(inner bean)' of type [org.springframework.security.config.http.HttpConfigurationBuilder] while setting bean property 'filterChainMap'; nested exception is org.springframework.beans.factory.BeanCreationException: Error creating bean with name '(inner bean)#10': Initialization of bean failed; nested exception is org.aspectj.apache.bcel.classfile.ClassFormatException: File: 'java.lang.CharSequence': Invalid byte tag in constant pool: 15
	at org.springframework.beans.factory.support.BeanDefinitionValueResolver.resolveInnerBean(BeanDefinitionValueResolver.java:281)
	at org.springframework.beans.factory.support.BeanDefinitionValueResolver.resolveValueIfNecessary(BeanDefinitionValueResolver.java:125)
	at org.springframework.beans.factory.support.BeanDefinitionValueResolver.resolveManagedMap(BeanDefinitionValueResolver.java:377)
	at org.springframework.beans.factory.support.BeanDefinitionValueResolver.resolveValueIfNecessary(BeanDefinitionValueResolver.java:161)
	at org.springframework.beans.factory.support.AbstractAutowireCapableBeanFactory.applyPropertyValues(AbstractAutowireCapableBeanFactory.java:1325)
	at org.springframework.beans.factory.support.AbstractAutowireCapableBeanFactory.populateBean(AbstractAutowireCapableBeanFactory.java:1086)
	at org.springframework.beans.factory.support.AbstractAutowireCapableBeanFactory.doCreateBean(AbstractAutowireCapableBeanFactory.java:517)
	at org.springframework.beans.factory.support.AbstractAutowireCapableBeanFactory.createBean(AbstractAutowireCapableBeanFactory.java:456)
	at org.springframework.beans.factory.support.AbstractBeanFactory$1.getObject(AbstractBeanFactory.java:291)
	at org.springframework.beans.factory.support.DefaultSingletonBeanRegistry.getSingleton(DefaultSingletonBeanRegistry.java:222)
	at org.springframework.beans.factory.support.AbstractBeanFactory.doGetBean(AbstractBeanFactory.java:288)
	at org.springframework.beans.factory.support.AbstractBeanFactory.getBean(AbstractBeanFactory.java:190)
	at org.springframework.beans.factory.support.DefaultListableBeanFactory.preInstantiateSingletons(DefaultListableBeanFactory.java:580)
	at org.springframework.context.support.AbstractApplicationContext.finishBeanFactoryInitialization(AbstractApplicationContext.java:895)
	at org.springframework.context.support.AbstractApplicationContext.refresh(AbstractApplicationContext.java:425)
	at org.springframework.web.context.ContextLoader.createWebApplicationContext(ContextLoader.java:276)
	at org.springframework.web.context.ContextLoader.initWebApplicationContext(ContextLoader.java:197)
	at org.springframework.web.context.ContextLoaderListener.contextInitialized(ContextLoaderListener.java:47)
	at org.jasig.cas.web.init.SafeContextLoaderListener.contextInitialized_aroundBody0(SafeContextLoaderListener.java:62)
	at org.jasig.cas.web.init.SafeContextLoaderListener.contextInitialized_aroundBody1$advice(SafeContextLoaderListener.java:44)
	at org.jasig.cas.web.init.SafeContextLoaderListener.contextInitialized(SafeContextLoaderListener.java:1)
	at org.apache.catalina.core.StandardContext.listenerStart(StandardContext.java:4812)
	at org.apache.catalina.core.StandardContext.startInternal(StandardContext.java:5255)
	at org.apache.catalina.util.LifecycleBase.start(LifecycleBase.java:150)
	at org.apache.catalina.core.ContainerBase.addChildInternal(ContainerBase.java:725)
	at org.apache.catalina.core.ContainerBase.addChild(ContainerBase.java:701)
	at org.apache.catalina.core.StandardHost.addChild(StandardHost.java:717)
	at org.apache.catalina.startup.HostConfig.deployWAR(HostConfig.java:945)
	at org.apache.catalina.startup.HostConfig$DeployWar.run(HostConfig.java:1795)
	at java.util.concurrent.Executors$RunnableAdapter.call(Executors.java:511)
	at java.util.concurrent.FutureTask.run(FutureTask.java:266)
	at java.util.concurrent.ThreadPoolExecutor.runWorker(ThreadPoolExecutor.java:1142)
	at java.util.concurrent.ThreadPoolExecutor$Worker.run(ThreadPoolExecutor.java:617)
	at java.lang.Thread.run(Thread.java:745)
Caused by: org.springframework.beans.factory.BeanCreationException: Error creating bean with name '(inner bean)#10': Initialization of bean failed; nested exception is org.aspectj.apache.bcel.classfile.ClassFormatException: File: 'java.lang.CharSequence': Invalid byte tag in constant pool: 15
	at org.springframework.beans.factory.support.AbstractAutowireCapableBeanFactory.doCreateBean(AbstractAutowireCapableBeanFactory.java:527)
	at org.springframework.beans.factory.support.AbstractAutowireCapableBeanFactory.createBean(AbstractAutowireCapableBeanFactory.java:456)
	at org.springframework.beans.factory.support.BeanDefinitionValueResolver.resolveInnerBean(BeanDefinitionValueResolver.java:270)
	... 33 more
Caused by: org.aspectj.apache.bcel.classfile.ClassFormatException: File: 'java.lang.CharSequence': Invalid byte tag in constant pool: 15
	at org.aspectj.apache.bcel.classfile.ClassParser.readConstantPool(ClassParser.java:192)
	at org.aspectj.apache.bcel.classfile.ClassParser.parse(ClassParser.java:131)
	at org.aspectj.apache.bcel.util.NonCachingClassLoaderRepository.loadJavaClass(NonCachingClassLoaderRepository.java:262)
	at org.aspectj.apache.bcel.util.NonCachingClassLoaderRepository.loadClass(NonCachingClassLoaderRepository.java:242)
	at org.aspectj.apache.bcel.util.NonCachingClassLoaderRepository.loadClass(NonCachingClassLoaderRepository.java:249)
	at org.aspectj.weaver.reflect.Java15AnnotationFinder.getAnnotations(Java15AnnotationFinder.java:202)
	at org.aspectj.weaver.reflect.ReflectionBasedResolvedMemberImpl.unpackAnnotations(ReflectionBasedResolvedMemberImpl.java:211)
	at org.aspectj.weaver.reflect.ReflectionBasedResolvedMemberImpl.hasAnnotation(ReflectionBasedResolvedMemberImpl.java:163)
	at org.aspectj.weaver.patterns.ExactAnnotationTypePattern.matches(ExactAnnotationTypePattern.java:109)
	at org.aspectj.weaver.patterns.ExactAnnotationTypePattern.matches(ExactAnnotationTypePattern.java:96)
	at org.aspectj.weaver.patterns.AnnotationPointcut.matchInternal(AnnotationPointcut.java:156)
	at org.aspectj.weaver.patterns.Pointcut.match(Pointcut.java:137)
	at org.aspectj.weaver.patterns.AndPointcut.matchInternal(AndPointcut.java:55)
	at org.aspectj.weaver.patterns.Pointcut.match(Pointcut.java:137)
	at org.aspectj.weaver.internal.tools.PointcutExpressionImpl.getShadowMatch(PointcutExpressionImpl.java:239)
	at org.aspectj.weaver.internal.tools.PointcutExpressionImpl.matchesExecution(PointcutExpressionImpl.java:105)
	at org.aspectj.weaver.internal.tools.PointcutExpressionImpl.matchesMethodExecution(PointcutExpressionImpl.java:96)
	at org.springframework.aop.aspectj.AspectJExpressionPointcut.getShadowMatch(AspectJExpressionPointcut.java:361)
	at org.springframework.aop.aspectj.AspectJExpressionPointcut.matches(AspectJExpressionPointcut.java:249)
	at org.springframework.aop.support.AopUtils.canApply(AopUtils.java:216)
	at org.springframework.aop.support.AopUtils.canApply(AopUtils.java:254)
	at org.springframework.aop.support.AopUtils.findAdvisorsThatCanApply(AopUtils.java:286)
	at org.springframework.aop.framework.autoproxy.AbstractAdvisorAutoProxyCreator.findAdvisorsThatCanApply(AbstractAdvisorAutoProxyCreator.java:117)
	at org.springframework.aop.framework.autoproxy.AbstractAdvisorAutoProxyCreator.findEligibleAdvisors(AbstractAdvisorAutoProxyCreator.java:87)
	at org.springframework.aop.framework.autoproxy.AbstractAdvisorAutoProxyCreator.getAdvicesAndAdvisorsForBean(AbstractAdvisorAutoProxyCreator.java:68)
	at org.springframework.aop.framework.autoproxy.AbstractAutoProxyCreator.wrapIfNecessary(AbstractAutoProxyCreator.java:359)
	at org.springframework.aop.framework.autoproxy.AbstractAutoProxyCreator.postProcessAfterInitialization(AbstractAutoProxyCreator.java:322)
	at org.springframework.beans.factory.support.AbstractAutowireCapableBeanFactory.applyBeanPostProcessorsAfterInitialization(AbstractAutowireCapableBeanFactory.java:407)
	at org.springframework.beans.factory.support.AbstractAutowireCapableBeanFactory.initializeBean(AbstractAutowireCapableBeanFactory.java:1426)
	at org.springframework.beans.factory.support.AbstractAutowireCapableBeanFactory.doCreateBean(AbstractAutowireCapableBeanFactory.java:519)
	... 35 more
2016-04-14 17:53:42,440 WARN [org.jasig.cas.authentication.handler.support.SimpleTestUsernamePasswordAuthenticationHandler] - org.jasig.cas.authentication.handler.support.SimpleTestUsernamePasswordAuthenticationHandler is only to be used in a testing environment.  NEVER enable this in a production environment.
2016-04-14 17:53:42,798 INFO [org.jasig.cas.web.flow.AuthenticationViaFormAction] - FormObjectClass not set.  Using default class of org.jasig.cas.authentication.principal.UsernamePasswordCredentials with formObjectName credentials and validator org.jasig.cas.validation.UsernamePasswordCredentialsValidator.
2016-04-14 17:54:02,479 INFO [org.jasig.cas.ticket.registry.support.DefaultTicketRegistryCleaner] - Starting cleaning of expired tickets from ticket registry at [Thu Apr 14 17:54:02 CST 2016]
2016-04-14 17:54:02,480 INFO [org.jasig.cas.ticket.registry.support.DefaultTicketRegistryCleaner] - 0 found to be removed.  Removing now.
2016-04-14 17:54:02,480 INFO [org.jasig.cas.ticket.registry.support.DefaultTicketRegistryCleaner] - Finished cleaning of expired tickets from ticket registry at [Thu Apr 14 17:54:02 CST 2016]
2016-04-14 17:54:03,441 INFO [org.jasig.cas.web.flow.InitialFlowSetupAction] - Setting ContextPath for cookies to: /cas
2016-04-14 17:54:03,460 WARN [org.springframework.webflow.conversation.impl.ConversationLockFactory] - Unable to enable conversation locking. Switch to Java 5 or above, or put the 'util.concurrent' package on the classpath to enable locking in your environment.
2016-04-14 18:02:00,509 WARN [org.springframework.webflow.conversation.impl.ConversationLockFactory] - Unable to enable conversation locking. Switch to Java 5 or above, or put the 'util.concurrent' package on the classpath to enable locking in your environment.
2016-04-14 18:05:00,369 INFO [org.jasig.cas.authentication.AuthenticationManagerImpl] - AuthenticationHandler: org.jasig.cas.authentication.handler.support.SimpleTestUsernamePasswordAuthenticationHandler successfully authenticated the user which provided the following credentials: admin
2016-04-14 18:05:39,658 WARN [org.springframework.webflow.conversation.impl.ConversationLockFactory] - Unable to enable conversation locking. Switch to Java 5 or above, or put the 'util.concurrent' package on the classpath to enable locking in your environment.
2016-04-14 18:05:49,887 INFO [org.jasig.cas.authentication.AuthenticationManagerImpl] - AuthenticationHandler: org.jasig.cas.authentication.handler.support.SimpleTestUsernamePasswordAuthenticationHandler successfully authenticated the user which provided the following credentials: admin
2016-04-15 09:34:21,689 WARN [org.jasig.cas.authentication.handler.support.SimpleTestUsernamePasswordAuthenticationHandler] - org.jasig.cas.authentication.handler.support.SimpleTestUsernamePasswordAuthenticationHandler is only to be used in a testing environment.  NEVER enable this in a production environment.
2016-04-15 09:34:22,451 INFO [org.jasig.cas.web.flow.AuthenticationViaFormAction] - FormObjectClass not set.  Using default class of org.jasig.cas.authentication.principal.UsernamePasswordCredentials with formObjectName credentials and validator org.jasig.cas.validation.UsernamePasswordCredentialsValidator.
2016-04-15 09:34:41,747 INFO [org.jasig.cas.ticket.registry.support.DefaultTicketRegistryCleaner] - Starting cleaning of expired tickets from ticket registry at [Fri Apr 15 09:34:41 CST 2016]
2016-04-15 09:34:41,748 INFO [org.jasig.cas.ticket.registry.support.DefaultTicketRegistryCleaner] - 0 found to be removed.  Removing now.
2016-04-15 09:34:41,748 INFO [org.jasig.cas.ticket.registry.support.DefaultTicketRegistryCleaner] - Finished cleaning of expired tickets from ticket registry at [Fri Apr 15 09:34:41 CST 2016]
2016-04-15 09:34:51,769 INFO [org.jasig.cas.web.flow.InitialFlowSetupAction] - Setting ContextPath for cookies to: /cas
2016-04-15 09:34:51,785 WARN [org.springframework.webflow.conversation.impl.ConversationLockFactory] - Unable to enable conversation locking. Switch to Java 5 or above, or put the 'util.concurrent' package on the classpath to enable locking in your environment.
2016-04-15 09:35:02,140 INFO [org.jasig.cas.authentication.AuthenticationManagerImpl] - AuthenticationHandler: org.jasig.cas.authentication.handler.support.SimpleTestUsernamePasswordAuthenticationHandler successfully authenticated the user which provided the following credentials: admin
2016-04-15 10:50:42,499 INFO [org.jasig.cas.CentralAuthenticationServiceImpl] - Granted service ticket [ST-1-5xPDtc0ZHnexb7TDa90a] for service [http://localhost:8080/CasClient1] for user [admin]
2016-04-15 10:51:03,945 INFO [org.jasig.cas.CentralAuthenticationServiceImpl] - Granted service ticket [ST-2-Nl07FdBanO0cbQbfizP7] for service [http://localhost:8080/CasClient1] for user [admin]
2016-04-15 10:57:58,258 INFO [org.jasig.cas.CentralAuthenticationServiceImpl] - Granted service ticket [ST-3-YFrdpH5YQwxq2jnD06ii] for service [http://localhost:8080/CasClient1] for user [admin]
2016-04-15 10:58:01,748 INFO [org.jasig.cas.ticket.registry.support.DefaultTicketRegistryCleaner] - Starting cleaning of expired tickets from ticket registry at [Fri Apr 15 10:58:01 CST 2016]
2016-04-15 10:58:01,748 INFO [org.jasig.cas.ticket.registry.support.DefaultTicketRegistryCleaner] - 2 found to be removed.  Removing now.
2016-04-15 10:58:01,749 INFO [org.jasig.cas.ticket.registry.support.DefaultTicketRegistryCleaner] - Finished cleaning of expired tickets from ticket registry at [Fri Apr 15 10:58:01 CST 2016]
2016-04-15 11:00:13,188 WARN [org.springframework.webflow.conversation.impl.ConversationLockFactory] - Unable to enable conversation locking. Switch to Java 5 or above, or put the 'util.concurrent' package on the classpath to enable locking in your environment.
2016-04-15 11:01:32,451 WARN [org.jasig.cas.authentication.handler.support.SimpleTestUsernamePasswordAuthenticationHandler] - org.jasig.cas.authentication.handler.support.SimpleTestUsernamePasswordAuthenticationHandler is only to be used in a testing environment.  NEVER enable this in a production environment.
2016-04-15 11:01:32,605 WARN [org.springframework.webflow.conversation.impl.ConversationLockFactory] - Unable to enable conversation locking. Switch to Java 5 or above, or put the 'util.concurrent' package on the classpath to enable locking in your environment.
2016-04-15 11:01:32,809 INFO [org.jasig.cas.web.flow.AuthenticationViaFormAction] - FormObjectClass not set.  Using default class of org.jasig.cas.authentication.principal.UsernamePasswordCredentials with formObjectName credentials and validator org.jasig.cas.validation.UsernamePasswordCredentialsValidator.
2016-04-15 11:01:40,381 INFO [org.jasig.cas.web.flow.InitialFlowSetupAction] - Setting ContextPath for cookies to: /cas
2016-04-15 11:01:40,401 WARN [org.springframework.webflow.conversation.impl.ConversationLockFactory] - Unable to enable conversation locking. Switch to Java 5 or above, or put the 'util.concurrent' package on the classpath to enable locking in your environment.
2016-04-15 11:01:48,431 WARN [org.springframework.webflow.conversation.impl.ConversationLockFactory] - Unable to enable conversation locking. Switch to Java 5 or above, or put the 'util.concurrent' package on the classpath to enable locking in your environment.
2016-04-15 11:01:52,508 INFO [org.jasig.cas.ticket.registry.support.DefaultTicketRegistryCleaner] - Starting cleaning of expired tickets from ticket registry at [Fri Apr 15 11:01:52 CST 2016]
2016-04-15 11:01:52,510 INFO [org.jasig.cas.ticket.registry.support.DefaultTicketRegistryCleaner] - 0 found to be removed.  Removing now.
2016-04-15 11:01:52,512 INFO [org.jasig.cas.ticket.registry.support.DefaultTicketRegistryCleaner] - Finished cleaning of expired tickets from ticket registry at [Fri Apr 15 11:01:52 CST 2016]
2016-04-15 11:03:39,986 WARN [org.jasig.cas.authentication.handler.support.SimpleTestUsernamePasswordAuthenticationHandler] - org.jasig.cas.authentication.handler.support.SimpleTestUsernamePasswordAuthenticationHandler is only to be used in a testing environment.  NEVER enable this in a production environment.
2016-04-15 11:03:40,356 INFO [org.jasig.cas.web.flow.AuthenticationViaFormAction] - FormObjectClass not set.  Using default class of org.jasig.cas.authentication.principal.UsernamePasswordCredentials with formObjectName credentials and validator org.jasig.cas.validation.UsernamePasswordCredentialsValidator.
2016-04-15 11:03:48,702 INFO [org.jasig.cas.web.flow.InitialFlowSetupAction] - Setting ContextPath for cookies to: /cas
2016-04-15 11:03:48,723 WARN [org.springframework.webflow.conversation.impl.ConversationLockFactory] - Unable to enable conversation locking. Switch to Java 5 or above, or put the 'util.concurrent' package on the classpath to enable locking in your environment.
2016-04-15 11:03:57,565 WARN [org.springframework.webflow.conversation.impl.ConversationLockFactory] - Unable to enable conversation locking. Switch to Java 5 or above, or put the 'util.concurrent' package on the classpath to enable locking in your environment.
2016-04-15 11:04:00,045 INFO [org.jasig.cas.ticket.registry.support.DefaultTicketRegistryCleaner] - Starting cleaning of expired tickets from ticket registry at [Fri Apr 15 11:04:00 CST 2016]
2016-04-15 11:04:00,046 INFO [org.jasig.cas.ticket.registry.support.DefaultTicketRegistryCleaner] - 0 found to be removed.  Removing now.
2016-04-15 11:04:00,046 INFO [org.jasig.cas.ticket.registry.support.DefaultTicketRegistryCleaner] - Finished cleaning of expired tickets from ticket registry at [Fri Apr 15 11:04:00 CST 2016]
2016-04-15 11:04:01,738 WARN [org.springframework.webflow.conversation.impl.ConversationLockFactory] - Unable to enable conversation locking. Switch to Java 5 or above, or put the 'util.concurrent' package on the classpath to enable locking in your environment.
2016-04-15 11:05:51,659 WARN [org.springframework.webflow.conversation.impl.ConversationLockFactory] - Unable to enable conversation locking. Switch to Java 5 or above, or put the 'util.concurrent' package on the classpath to enable locking in your environment.
2016-04-15 11:06:04,468 INFO [org.jasig.cas.authentication.AuthenticationManagerImpl] - AuthenticationHandler: org.jasig.cas.authentication.handler.support.SimpleTestUsernamePasswordAuthenticationHandler successfully authenticated the user which provided the following credentials: admin
2016-04-15 11:06:04,478 INFO [org.jasig.cas.CentralAuthenticationServiceImpl] - Granted service ticket [ST-1-odg1m5GVxxC0oVwTBDXc] for service [http://localhost:8080/] for user [admin]
2016-04-15 11:11:50,374 INFO [org.jasig.cas.CentralAuthenticationServiceImpl] - Granted service ticket [ST-2-NGkIu9f06MrbWSKYP9bu] for service [http://localhost:8080/] for user [admin]
2016-04-15 11:12:01,626 WARN [org.springframework.webflow.conversation.impl.ConversationLockFactory] - Unable to enable conversation locking. Switch to Java 5 or above, or put the 'util.concurrent' package on the classpath to enable locking in your environment.
2016-04-15 11:12:08,241 INFO [org.jasig.cas.authentication.AuthenticationManagerImpl] - AuthenticationHandler: org.jasig.cas.authentication.handler.support.SimpleTestUsernamePasswordAuthenticationHandler failed to authenticate the user which provided the following credentials: admin
2016-04-15 11:12:19,241 INFO [org.jasig.cas.authentication.AuthenticationManagerImpl] - AuthenticationHandler: org.jasig.cas.authentication.handler.support.SimpleTestUsernamePasswordAuthenticationHandler successfully authenticated the user which provided the following credentials: admin
2016-04-15 11:12:19,243 INFO [org.jasig.cas.CentralAuthenticationServiceImpl] - Granted service ticket [ST-3-4WNCRK0SFL7aqaK3Nf5x] for service [http://localhost:8080/] for user [admin]
2016-04-15 11:15:20,645 WARN [org.jasig.cas.authentication.handler.support.SimpleTestUsernamePasswordAuthenticationHandler] - org.jasig.cas.authentication.handler.support.SimpleTestUsernamePasswordAuthenticationHandler is only to be used in a testing environment.  NEVER enable this in a production environment.
2016-04-15 11:15:21,007 INFO [org.jasig.cas.web.flow.AuthenticationViaFormAction] - FormObjectClass not set.  Using default class of org.jasig.cas.authentication.principal.UsernamePasswordCredentials with formObjectName credentials and validator org.jasig.cas.validation.UsernamePasswordCredentialsValidator.
2016-04-15 11:15:40,696 INFO [org.jasig.cas.ticket.registry.support.DefaultTicketRegistryCleaner] - Starting cleaning of expired tickets from ticket registry at [Fri Apr 15 11:15:40 CST 2016]
2016-04-15 11:15:40,697 INFO [org.jasig.cas.ticket.registry.support.DefaultTicketRegistryCleaner] - 0 found to be removed.  Removing now.
2016-04-15 11:15:40,697 INFO [org.jasig.cas.ticket.registry.support.DefaultTicketRegistryCleaner] - Finished cleaning of expired tickets from ticket registry at [Fri Apr 15 11:15:40 CST 2016]
2016-04-15 11:16:20,704 INFO [org.jasig.cas.web.flow.InitialFlowSetupAction] - Setting ContextPath for cookies to: /cas
2016-04-15 11:16:20,725 WARN [org.springframework.webflow.conversation.impl.ConversationLockFactory] - Unable to enable conversation locking. Switch to Java 5 or above, or put the 'util.concurrent' package on the classpath to enable locking in your environment.
2016-04-15 11:16:26,384 INFO [org.jasig.cas.authentication.AuthenticationManagerImpl] - AuthenticationHandler: org.jasig.cas.authentication.handler.support.SimpleTestUsernamePasswordAuthenticationHandler successfully authenticated the user which provided the following credentials: admin
2016-04-15 11:16:26,389 INFO [org.jasig.cas.CentralAuthenticationServiceImpl] - Granted service ticket [ST-1-Wf1IRmMvUvqFTxYLrGIv] for service [http://localhost:8080/] for user [admin]
2016-04-15 11:16:31,256 INFO [org.jasig.cas.CentralAuthenticationServiceImpl] - Granted service ticket [ST-2-3S5s2zSwIcFL7znHfxie] for service [http://localhost:8080/CasClient2/index.jsp] for user [admin]
2016-04-15 11:16:33,444 INFO [org.jasig.cas.CentralAuthenticationServiceImpl] - Granted service ticket [ST-3-hoMGD5qkq1dbxxE0sJMQ] for service [http://localhost:8080/CasClient1/index.jsp] for user [admin]
2016-04-15 11:26:17,232 WARN [org.jasig.cas.authentication.handler.support.SimpleTestUsernamePasswordAuthenticationHandler] - org.jasig.cas.authentication.handler.support.SimpleTestUsernamePasswordAuthenticationHandler is only to be used in a testing environment.  NEVER enable this in a production environment.
2016-04-15 11:26:17,559 INFO [org.jasig.cas.web.flow.AuthenticationViaFormAction] - FormObjectClass not set.  Using default class of org.jasig.cas.authentication.principal.UsernamePasswordCredentials with formObjectName credentials and validator org.jasig.cas.validation.UsernamePasswordCredentialsValidator.
2016-04-15 11:26:27,864 INFO [org.jasig.cas.web.flow.InitialFlowSetupAction] - Setting ContextPath for cookies to: /cas
2016-04-15 11:26:27,884 WARN [org.springframework.webflow.conversation.impl.ConversationLockFactory] - Unable to enable conversation locking. Switch to Java 5 or above, or put the 'util.concurrent' package on the classpath to enable locking in your environment.
2016-04-15 11:26:37,283 INFO [org.jasig.cas.ticket.registry.support.DefaultTicketRegistryCleaner] - Starting cleaning of expired tickets from ticket registry at [Fri Apr 15 11:26:37 CST 2016]
2016-04-15 11:26:37,284 INFO [org.jasig.cas.ticket.registry.support.DefaultTicketRegistryCleaner] - 0 found to be removed.  Removing now.
2016-04-15 11:26:37,285 INFO [org.jasig.cas.ticket.registry.support.DefaultTicketRegistryCleaner] - Finished cleaning of expired tickets from ticket registry at [Fri Apr 15 11:26:37 CST 2016]
