15-Apr-2016 09:34:01.872 INFO [main] org.apache.catalina.startup.VersionLoggerListener.log Server version:        Apache Tomcat/8.0.30
15-Apr-2016 09:34:01.874 INFO [main] org.apache.catalina.startup.VersionLoggerListener.log Server built:          Dec 1 2015 22:30:46 UTC
15-Apr-2016 09:34:01.874 INFO [main] org.apache.catalina.startup.VersionLoggerListener.log Server number:         8.0.30.0
15-Apr-2016 09:34:01.874 INFO [main] org.apache.catalina.startup.VersionLoggerListener.log OS Name:               Windows 7
15-Apr-2016 09:34:01.874 INFO [main] org.apache.catalina.startup.VersionLoggerListener.log OS Version:            6.1
15-Apr-2016 09:34:01.875 INFO [main] org.apache.catalina.startup.VersionLoggerListener.log Architecture:          amd64
15-Apr-2016 09:34:01.875 INFO [main] org.apache.catalina.startup.VersionLoggerListener.log Java Home:             D:\Program Files\Java\jdk1.8.0_60\jre
15-Apr-2016 09:34:01.875 INFO [main] org.apache.catalina.startup.VersionLoggerListener.log JVM Version:           1.8.0_60-b27
15-Apr-2016 09:34:01.875 INFO [main] org.apache.catalina.startup.VersionLoggerListener.log JVM Vendor:            Oracle Corporation
15-Apr-2016 09:34:01.875 INFO [main] org.apache.catalina.startup.VersionLoggerListener.log CATALINA_BASE:         D:\Program Files\cas-tomcat-8.0.30\apache-tomcat-8.0.30
15-Apr-2016 09:34:01.876 INFO [main] org.apache.catalina.startup.VersionLoggerListener.log CATALINA_HOME:         D:\Program Files\cas-tomcat-8.0.30\apache-tomcat-8.0.30
15-Apr-2016 09:34:01.876 INFO [main] org.apache.catalina.startup.VersionLoggerListener.log Command line argument: -Djava.util.logging.config.file=D:\Program Files\cas-tomcat-8.0.30\apache-tomcat-8.0.30\conf\logging.properties
15-Apr-2016 09:34:01.876 INFO [main] org.apache.catalina.startup.VersionLoggerListener.log Command line argument: -Djava.util.logging.manager=org.apache.juli.ClassLoaderLogManager
15-Apr-2016 09:34:01.876 INFO [main] org.apache.catalina.startup.VersionLoggerListener.log Command line argument: -Djava.endorsed.dirs=D:\Program Files\cas-tomcat-8.0.30\apache-tomcat-8.0.30\endorsed
15-Apr-2016 09:34:01.876 INFO [main] org.apache.catalina.startup.VersionLoggerListener.log Command line argument: -Dcatalina.base=D:\Program Files\cas-tomcat-8.0.30\apache-tomcat-8.0.30
15-Apr-2016 09:34:01.877 INFO [main] org.apache.catalina.startup.VersionLoggerListener.log Command line argument: -Dcatalina.home=D:\Program Files\cas-tomcat-8.0.30\apache-tomcat-8.0.30
15-Apr-2016 09:34:01.877 INFO [main] org.apache.catalina.startup.VersionLoggerListener.log Command line argument: -Djava.io.tmpdir=D:\Program Files\cas-tomcat-8.0.30\apache-tomcat-8.0.30\temp
15-Apr-2016 09:34:01.877 INFO [main] org.apache.catalina.core.AprLifecycleListener.lifecycleEvent Loaded APR based Apache Tomcat Native library 1.1.33 using APR version 1.5.1.
15-Apr-2016 09:34:01.878 INFO [main] org.apache.catalina.core.AprLifecycleListener.lifecycleEvent APR capabilities: IPv6 [true], sendfile [true], accept filters [false], random [true].
15-Apr-2016 09:34:02.536 INFO [main] org.apache.catalina.core.AprLifecycleListener.initializeSSL OpenSSL successfully initialized (OpenSSL 1.0.1m 19 Mar 2015)
15-Apr-2016 09:34:05.592 INFO [main] org.apache.coyote.AbstractProtocol.init Initializing ProtocolHandler ["http-apr-80"]
15-Apr-2016 09:34:05.816 INFO [main] org.apache.coyote.AbstractProtocol.init Initializing ProtocolHandler ["http-nio-8443"]
15-Apr-2016 09:34:08.999 INFO [main] org.apache.tomcat.util.net.NioSelectorPool.getSharedSelector Using a shared selector for servlet write/read
15-Apr-2016 09:34:09.037 INFO [main] org.apache.coyote.AbstractProtocol.init Initializing ProtocolHandler ["ajp-apr-8009"]
15-Apr-2016 09:34:09.038 INFO [main] org.apache.catalina.startup.Catalina.load Initialization processed in 12295 ms
15-Apr-2016 09:34:09.390 INFO [main] org.apache.catalina.core.StandardService.startInternal Starting service Catalina
15-Apr-2016 09:34:09.390 INFO [main] org.apache.catalina.core.StandardEngine.startInternal Starting Servlet Engine: Apache Tomcat/8.0.30
15-Apr-2016 09:34:09.619 INFO [localhost-startStop-1] org.apache.catalina.startup.HostConfig.deployWAR Deploying web application archive D:\Program Files\cas-tomcat-8.0.30\apache-tomcat-8.0.30\webapps\cas.war
15-Apr-2016 09:34:18.728 INFO [localhost-startStop-1] org.apache.jasper.servlet.TldScanner.scanJars At least one JAR was scanned for TLDs yet contained no TLDs. Enable debug logging for this logger for a complete list of JARs that were scanned but no TLDs were found in them. Skipping unneeded JARs during scanning can improve startup time and JSP compilation time.
15-Apr-2016 09:34:22.590 INFO [localhost-startStop-1] org.apache.catalina.startup.HostConfig.deployWAR Deployment of web application archive D:\Program Files\cas-tomcat-8.0.30\apache-tomcat-8.0.30\webapps\cas.war has finished in 12,971 ms
15-Apr-2016 09:34:22.591 INFO [localhost-startStop-1] org.apache.catalina.startup.HostConfig.deployDirectory Deploying web application directory D:\Program Files\cas-tomcat-8.0.30\apache-tomcat-8.0.30\webapps\docs
15-Apr-2016 09:34:22.633 INFO [localhost-startStop-1] org.apache.catalina.startup.HostConfig.deployDirectory Deployment of web application directory D:\Program Files\cas-tomcat-8.0.30\apache-tomcat-8.0.30\webapps\docs has finished in 42 ms
15-Apr-2016 09:34:22.634 INFO [localhost-startStop-1] org.apache.catalina.startup.HostConfig.deployDirectory Deploying web application directory D:\Program Files\cas-tomcat-8.0.30\apache-tomcat-8.0.30\webapps\examples
15-Apr-2016 09:34:23.457 INFO [localhost-startStop-1] org.apache.catalina.startup.HostConfig.deployDirectory Deployment of web application directory D:\Program Files\cas-tomcat-8.0.30\apache-tomcat-8.0.30\webapps\examples has finished in 823 ms
15-Apr-2016 09:34:23.458 INFO [localhost-startStop-1] org.apache.catalina.startup.HostConfig.deployDirectory Deploying web application directory D:\Program Files\cas-tomcat-8.0.30\apache-tomcat-8.0.30\webapps\host-manager
15-Apr-2016 09:34:23.543 INFO [localhost-startStop-1] org.apache.catalina.startup.HostConfig.deployDirectory Deployment of web application directory D:\Program Files\cas-tomcat-8.0.30\apache-tomcat-8.0.30\webapps\host-manager has finished in 85 ms
15-Apr-2016 09:34:23.543 INFO [localhost-startStop-1] org.apache.catalina.startup.HostConfig.deployDirectory Deploying web application directory D:\Program Files\cas-tomcat-8.0.30\apache-tomcat-8.0.30\webapps\manager
15-Apr-2016 09:34:23.558 INFO [localhost-startStop-1] org.apache.catalina.startup.HostConfig.deployDirectory Deployment of web application directory D:\Program Files\cas-tomcat-8.0.30\apache-tomcat-8.0.30\webapps\manager has finished in 15 ms
15-Apr-2016 09:34:23.559 INFO [localhost-startStop-1] org.apache.catalina.startup.HostConfig.deployDirectory Deploying web application directory D:\Program Files\cas-tomcat-8.0.30\apache-tomcat-8.0.30\webapps\ROOT
15-Apr-2016 09:34:23.586 INFO [localhost-startStop-1] org.apache.catalina.startup.HostConfig.deployDirectory Deployment of web application directory D:\Program Files\cas-tomcat-8.0.30\apache-tomcat-8.0.30\webapps\ROOT has finished in 27 ms
15-Apr-2016 09:34:23.589 INFO [main] org.apache.coyote.AbstractProtocol.start Starting ProtocolHandler ["http-apr-80"]
15-Apr-2016 09:34:23.594 INFO [main] org.apache.coyote.AbstractProtocol.start Starting ProtocolHandler ["http-nio-8443"]
15-Apr-2016 09:34:23.595 INFO [main] org.apache.coyote.AbstractProtocol.start Starting ProtocolHandler ["ajp-apr-8009"]
15-Apr-2016 09:34:23.595 INFO [main] org.apache.catalina.startup.Catalina.start Server startup in 14556 ms
15-Apr-2016 11:01:11.904 INFO [main] org.apache.catalina.core.StandardServer.await A valid shutdown command was received via the shutdown port. Stopping the Server instance.
15-Apr-2016 11:01:11.905 INFO [main] org.apache.coyote.AbstractProtocol.pause Pausing ProtocolHandler ["http-apr-80"]
15-Apr-2016 11:01:11.956 INFO [main] org.apache.coyote.AbstractProtocol.pause Pausing ProtocolHandler ["http-nio-8443"]
15-Apr-2016 11:01:12.006 INFO [main] org.apache.coyote.AbstractProtocol.pause Pausing ProtocolHandler ["ajp-apr-8009"]
15-Apr-2016 11:01:12.057 INFO [main] org.apache.catalina.core.StandardService.stopInternal Stopping service Catalina
15-Apr-2016 11:01:12.125 INFO [main] org.apache.coyote.AbstractProtocol.stop Stopping ProtocolHandler ["http-apr-80"]
15-Apr-2016 11:01:12.177 INFO [main] org.apache.coyote.AbstractProtocol.stop Stopping ProtocolHandler ["http-nio-8443"]
15-Apr-2016 11:01:12.180 INFO [main] org.apache.coyote.AbstractProtocol.stop Stopping ProtocolHandler ["ajp-apr-8009"]
15-Apr-2016 11:01:12.232 INFO [main] org.apache.coyote.AbstractProtocol.destroy Destroying ProtocolHandler ["http-apr-80"]
15-Apr-2016 11:01:12.233 INFO [main] org.apache.coyote.AbstractProtocol.destroy Destroying ProtocolHandler ["http-nio-8443"]
15-Apr-2016 11:01:12.235 INFO [main] org.apache.coyote.AbstractProtocol.destroy Destroying ProtocolHandler ["ajp-apr-8009"]
15-Apr-2016 11:01:30.774 INFO [main] org.apache.catalina.startup.VersionLoggerListener.log Server version:        Apache Tomcat/8.0.30
15-Apr-2016 11:01:30.775 INFO [main] org.apache.catalina.startup.VersionLoggerListener.log Server built:          Dec 1 2015 22:30:46 UTC
15-Apr-2016 11:01:30.775 INFO [main] org.apache.catalina.startup.VersionLoggerListener.log Server number:         8.0.30.0
15-Apr-2016 11:01:30.775 INFO [main] org.apache.catalina.startup.VersionLoggerListener.log OS Name:               Windows 7
15-Apr-2016 11:01:30.775 INFO [main] org.apache.catalina.startup.VersionLoggerListener.log OS Version:            6.1
15-Apr-2016 11:01:30.775 INFO [main] org.apache.catalina.startup.VersionLoggerListener.log Architecture:          amd64
15-Apr-2016 11:01:30.776 INFO [main] org.apache.catalina.startup.VersionLoggerListener.log Java Home:             D:\Program Files\Java\jdk1.8.0_60\jre
15-Apr-2016 11:01:30.776 INFO [main] org.apache.catalina.startup.VersionLoggerListener.log JVM Version:           1.8.0_60-b27
15-Apr-2016 11:01:30.776 INFO [main] org.apache.catalina.startup.VersionLoggerListener.log JVM Vendor:            Oracle Corporation
15-Apr-2016 11:01:30.776 INFO [main] org.apache.catalina.startup.VersionLoggerListener.log CATALINA_BASE:         D:\Program Files\cas-tomcat-8.0.30\apache-tomcat-8.0.30
15-Apr-2016 11:01:30.776 INFO [main] org.apache.catalina.startup.VersionLoggerListener.log CATALINA_HOME:         D:\Program Files\cas-tomcat-8.0.30\apache-tomcat-8.0.30
15-Apr-2016 11:01:30.776 INFO [main] org.apache.catalina.startup.VersionLoggerListener.log Command line argument: -Djava.util.logging.config.file=D:\Program Files\cas-tomcat-8.0.30\apache-tomcat-8.0.30\conf\logging.properties
15-Apr-2016 11:01:30.776 INFO [main] org.apache.catalina.startup.VersionLoggerListener.log Command line argument: -Djava.util.logging.manager=org.apache.juli.ClassLoaderLogManager
15-Apr-2016 11:01:30.777 INFO [main] org.apache.catalina.startup.VersionLoggerListener.log Command line argument: -Djava.endorsed.dirs=D:\Program Files\cas-tomcat-8.0.30\apache-tomcat-8.0.30\endorsed
15-Apr-2016 11:01:30.777 INFO [main] org.apache.catalina.startup.VersionLoggerListener.log Command line argument: -Dcatalina.base=D:\Program Files\cas-tomcat-8.0.30\apache-tomcat-8.0.30
15-Apr-2016 11:01:30.777 INFO [main] org.apache.catalina.startup.VersionLoggerListener.log Command line argument: -Dcatalina.home=D:\Program Files\cas-tomcat-8.0.30\apache-tomcat-8.0.30
15-Apr-2016 11:01:30.777 INFO [main] org.apache.catalina.startup.VersionLoggerListener.log Command line argument: -Djava.io.tmpdir=D:\Program Files\cas-tomcat-8.0.30\apache-tomcat-8.0.30\temp
15-Apr-2016 11:01:30.778 INFO [main] org.apache.catalina.core.AprLifecycleListener.lifecycleEvent Loaded APR based Apache Tomcat Native library 1.1.33 using APR version 1.5.1.
15-Apr-2016 11:01:30.778 INFO [main] org.apache.catalina.core.AprLifecycleListener.lifecycleEvent APR capabilities: IPv6 [true], sendfile [true], accept filters [false], random [true].
15-Apr-2016 11:01:31.209 INFO [main] org.apache.catalina.core.AprLifecycleListener.initializeSSL OpenSSL successfully initialized (OpenSSL 1.0.1m 19 Mar 2015)
15-Apr-2016 11:01:31.276 INFO [main] org.apache.coyote.AbstractProtocol.init Initializing ProtocolHandler ["http-apr-80"]
15-Apr-2016 11:01:31.289 INFO [main] org.apache.coyote.AbstractProtocol.init Initializing ProtocolHandler ["http-nio-8443"]
15-Apr-2016 11:01:31.454 INFO [main] org.apache.tomcat.util.net.NioSelectorPool.getSharedSelector Using a shared selector for servlet write/read
15-Apr-2016 11:01:31.455 INFO [main] org.apache.coyote.AbstractProtocol.init Initializing ProtocolHandler ["ajp-apr-8009"]
15-Apr-2016 11:01:31.456 INFO [main] org.apache.catalina.startup.Catalina.load Initialization processed in 878 ms
15-Apr-2016 11:01:31.467 INFO [main] org.apache.catalina.core.StandardService.startInternal Starting service Catalina
15-Apr-2016 11:01:31.468 INFO [main] org.apache.catalina.core.StandardEngine.startInternal Starting Servlet Engine: Apache Tomcat/8.0.30
15-Apr-2016 11:01:31.479 INFO [localhost-startStop-1] org.apache.catalina.startup.HostConfig.deployWAR Deploying web application archive D:\Program Files\cas-tomcat-8.0.30\apache-tomcat-8.0.30\webapps\cas.war
15-Apr-2016 11:01:32.074 INFO [localhost-startStop-1] org.apache.jasper.servlet.TldScanner.scanJars At least one JAR was scanned for TLDs yet contained no TLDs. Enable debug logging for this logger for a complete list of JARs that were scanned but no TLDs were found in them. Skipping unneeded JARs during scanning can improve startup time and JSP compilation time.
15-Apr-2016 11:01:32.830 INFO [localhost-startStop-1] org.apache.catalina.startup.HostConfig.deployWAR Deployment of web application archive D:\Program Files\cas-tomcat-8.0.30\apache-tomcat-8.0.30\webapps\cas.war has finished in 1,351 ms
15-Apr-2016 11:01:32.831 INFO [localhost-startStop-1] org.apache.catalina.startup.HostConfig.deployDirectory Deploying web application directory D:\Program Files\cas-tomcat-8.0.30\apache-tomcat-8.0.30\webapps\docs
15-Apr-2016 11:01:32.840 INFO [localhost-startStop-1] org.apache.catalina.startup.HostConfig.deployDirectory Deployment of web application directory D:\Program Files\cas-tomcat-8.0.30\apache-tomcat-8.0.30\webapps\docs has finished in 9 ms
15-Apr-2016 11:01:32.840 INFO [localhost-startStop-1] org.apache.catalina.startup.HostConfig.deployDirectory Deploying web application directory D:\Program Files\cas-tomcat-8.0.30\apache-tomcat-8.0.30\webapps\examples
15-Apr-2016 11:01:32.959 INFO [localhost-startStop-1] org.apache.catalina.startup.HostConfig.deployDirectory Deployment of web application directory D:\Program Files\cas-tomcat-8.0.30\apache-tomcat-8.0.30\webapps\examples has finished in 119 ms
15-Apr-2016 11:01:32.959 INFO [localhost-startStop-1] org.apache.catalina.startup.HostConfig.deployDirectory Deploying web application directory D:\Program Files\cas-tomcat-8.0.30\apache-tomcat-8.0.30\webapps\host-manager
15-Apr-2016 11:01:32.976 INFO [localhost-startStop-1] org.apache.catalina.startup.HostConfig.deployDirectory Deployment of web application directory D:\Program Files\cas-tomcat-8.0.30\apache-tomcat-8.0.30\webapps\host-manager has finished in 17 ms
15-Apr-2016 11:01:32.976 INFO [localhost-startStop-1] org.apache.catalina.startup.HostConfig.deployDirectory Deploying web application directory D:\Program Files\cas-tomcat-8.0.30\apache-tomcat-8.0.30\webapps\manager
15-Apr-2016 11:01:32.990 INFO [localhost-startStop-1] org.apache.catalina.startup.HostConfig.deployDirectory Deployment of web application directory D:\Program Files\cas-tomcat-8.0.30\apache-tomcat-8.0.30\webapps\manager has finished in 14 ms
15-Apr-2016 11:01:32.991 INFO [localhost-startStop-1] org.apache.catalina.startup.HostConfig.deployDirectory Deploying web application directory D:\Program Files\cas-tomcat-8.0.30\apache-tomcat-8.0.30\webapps\ROOT
15-Apr-2016 11:01:33.001 INFO [localhost-startStop-1] org.apache.catalina.startup.HostConfig.deployDirectory Deployment of web application directory D:\Program Files\cas-tomcat-8.0.30\apache-tomcat-8.0.30\webapps\ROOT has finished in 10 ms
15-Apr-2016 11:01:33.002 INFO [main] org.apache.coyote.AbstractProtocol.start Starting ProtocolHandler ["http-apr-80"]
15-Apr-2016 11:01:33.006 INFO [main] org.apache.coyote.AbstractProtocol.start Starting ProtocolHandler ["http-nio-8443"]
15-Apr-2016 11:01:33.007 INFO [main] org.apache.coyote.AbstractProtocol.start Starting ProtocolHandler ["ajp-apr-8009"]
15-Apr-2016 11:01:33.008 INFO [main] org.apache.catalina.startup.Catalina.start Server startup in 1551 ms
15-Apr-2016 11:03:38.295 INFO [main] org.apache.catalina.startup.VersionLoggerListener.log Server version:        Apache Tomcat/8.0.30
15-Apr-2016 11:03:38.296 INFO [main] org.apache.catalina.startup.VersionLoggerListener.log Server built:          Dec 1 2015 22:30:46 UTC
15-Apr-2016 11:03:38.296 INFO [main] org.apache.catalina.startup.VersionLoggerListener.log Server number:         8.0.30.0
15-Apr-2016 11:03:38.296 INFO [main] org.apache.catalina.startup.VersionLoggerListener.log OS Name:               Windows 7
15-Apr-2016 11:03:38.296 INFO [main] org.apache.catalina.startup.VersionLoggerListener.log OS Version:            6.1
15-Apr-2016 11:03:38.296 INFO [main] org.apache.catalina.startup.VersionLoggerListener.log Architecture:          amd64
15-Apr-2016 11:03:38.296 INFO [main] org.apache.catalina.startup.VersionLoggerListener.log Java Home:             D:\Program Files\Java\jdk1.8.0_60\jre
15-Apr-2016 11:03:38.296 INFO [main] org.apache.catalina.startup.VersionLoggerListener.log JVM Version:           1.8.0_60-b27
15-Apr-2016 11:03:38.296 INFO [main] org.apache.catalina.startup.VersionLoggerListener.log JVM Vendor:            Oracle Corporation
15-Apr-2016 11:03:38.297 INFO [main] org.apache.catalina.startup.VersionLoggerListener.log CATALINA_BASE:         D:\Program Files\cas-tomcat-8.0.30\apache-tomcat-8.0.30
15-Apr-2016 11:03:38.297 INFO [main] org.apache.catalina.startup.VersionLoggerListener.log CATALINA_HOME:         D:\Program Files\cas-tomcat-8.0.30\apache-tomcat-8.0.30
15-Apr-2016 11:03:38.297 INFO [main] org.apache.catalina.startup.VersionLoggerListener.log Command line argument: -Djava.util.logging.config.file=D:\Program Files\cas-tomcat-8.0.30\apache-tomcat-8.0.30\conf\logging.properties
15-Apr-2016 11:03:38.297 INFO [main] org.apache.catalina.startup.VersionLoggerListener.log Command line argument: -Djava.util.logging.manager=org.apache.juli.ClassLoaderLogManager
15-Apr-2016 11:03:38.297 INFO [main] org.apache.catalina.startup.VersionLoggerListener.log Command line argument: -Djava.endorsed.dirs=D:\Program Files\cas-tomcat-8.0.30\apache-tomcat-8.0.30\endorsed
15-Apr-2016 11:03:38.298 INFO [main] org.apache.catalina.startup.VersionLoggerListener.log Command line argument: -Dcatalina.base=D:\Program Files\cas-tomcat-8.0.30\apache-tomcat-8.0.30
15-Apr-2016 11:03:38.298 INFO [main] org.apache.catalina.startup.VersionLoggerListener.log Command line argument: -Dcatalina.home=D:\Program Files\cas-tomcat-8.0.30\apache-tomcat-8.0.30
15-Apr-2016 11:03:38.299 INFO [main] org.apache.catalina.startup.VersionLoggerListener.log Command line argument: -Djava.io.tmpdir=D:\Program Files\cas-tomcat-8.0.30\apache-tomcat-8.0.30\temp
15-Apr-2016 11:03:38.299 INFO [main] org.apache.catalina.core.AprLifecycleListener.lifecycleEvent Loaded APR based Apache Tomcat Native library 1.1.33 using APR version 1.5.1.
15-Apr-2016 11:03:38.299 INFO [main] org.apache.catalina.core.AprLifecycleListener.lifecycleEvent APR capabilities: IPv6 [true], sendfile [true], accept filters [false], random [true].
15-Apr-2016 11:03:38.746 INFO [main] org.apache.catalina.core.AprLifecycleListener.initializeSSL OpenSSL successfully initialized (OpenSSL 1.0.1m 19 Mar 2015)
15-Apr-2016 11:03:38.814 INFO [main] org.apache.coyote.AbstractProtocol.init Initializing ProtocolHandler ["http-apr-80"]
15-Apr-2016 11:03:38.829 INFO [main] org.apache.coyote.AbstractProtocol.init Initializing ProtocolHandler ["http-nio-8443"]
15-Apr-2016 11:03:38.992 INFO [main] org.apache.tomcat.util.net.NioSelectorPool.getSharedSelector Using a shared selector for servlet write/read
15-Apr-2016 11:03:38.993 INFO [main] org.apache.coyote.AbstractProtocol.init Initializing ProtocolHandler ["ajp-apr-8009"]
15-Apr-2016 11:03:38.994 INFO [main] org.apache.catalina.startup.Catalina.load Initialization processed in 894 ms
15-Apr-2016 11:03:39.005 INFO [main] org.apache.catalina.core.StandardService.startInternal Starting service Catalina
15-Apr-2016 11:03:39.006 INFO [main] org.apache.catalina.core.StandardEngine.startInternal Starting Servlet Engine: Apache Tomcat/8.0.30
15-Apr-2016 11:03:39.018 INFO [localhost-startStop-1] org.apache.catalina.startup.HostConfig.deployWAR Deploying web application archive D:\Program Files\cas-tomcat-8.0.30\apache-tomcat-8.0.30\webapps\cas.war
15-Apr-2016 11:03:39.614 INFO [localhost-startStop-1] org.apache.jasper.servlet.TldScanner.scanJars At least one JAR was scanned for TLDs yet contained no TLDs. Enable debug logging for this logger for a complete list of JARs that were scanned but no TLDs were found in them. Skipping unneeded JARs during scanning can improve startup time and JSP compilation time.
15-Apr-2016 11:03:40.381 INFO [localhost-startStop-1] org.apache.catalina.startup.HostConfig.deployWAR Deployment of web application archive D:\Program Files\cas-tomcat-8.0.30\apache-tomcat-8.0.30\webapps\cas.war has finished in 1,363 ms
15-Apr-2016 11:03:40.382 INFO [localhost-startStop-1] org.apache.catalina.startup.HostConfig.deployDirectory Deploying web application directory D:\Program Files\cas-tomcat-8.0.30\apache-tomcat-8.0.30\webapps\docs
15-Apr-2016 11:03:40.392 INFO [localhost-startStop-1] org.apache.catalina.startup.HostConfig.deployDirectory Deployment of web application directory D:\Program Files\cas-tomcat-8.0.30\apache-tomcat-8.0.30\webapps\docs has finished in 10 ms
15-Apr-2016 11:03:40.392 INFO [localhost-startStop-1] org.apache.catalina.startup.HostConfig.deployDirectory Deploying web application directory D:\Program Files\cas-tomcat-8.0.30\apache-tomcat-8.0.30\webapps\examples
15-Apr-2016 11:03:40.515 INFO [localhost-startStop-1] org.apache.catalina.startup.HostConfig.deployDirectory Deployment of web application directory D:\Program Files\cas-tomcat-8.0.30\apache-tomcat-8.0.30\webapps\examples has finished in 123 ms
15-Apr-2016 11:03:40.515 INFO [localhost-startStop-1] org.apache.catalina.startup.HostConfig.deployDirectory Deploying web application directory D:\Program Files\cas-tomcat-8.0.30\apache-tomcat-8.0.30\webapps\host-manager
15-Apr-2016 11:03:40.533 INFO [localhost-startStop-1] org.apache.catalina.startup.HostConfig.deployDirectory Deployment of web application directory D:\Program Files\cas-tomcat-8.0.30\apache-tomcat-8.0.30\webapps\host-manager has finished in 18 ms
15-Apr-2016 11:03:40.533 INFO [localhost-startStop-1] org.apache.catalina.startup.HostConfig.deployDirectory Deploying web application directory D:\Program Files\cas-tomcat-8.0.30\apache-tomcat-8.0.30\webapps\manager
15-Apr-2016 11:03:40.545 INFO [localhost-startStop-1] org.apache.catalina.startup.HostConfig.deployDirectory Deployment of web application directory D:\Program Files\cas-tomcat-8.0.30\apache-tomcat-8.0.30\webapps\manager has finished in 12 ms
15-Apr-2016 11:03:40.546 INFO [localhost-startStop-1] org.apache.catalina.startup.HostConfig.deployDirectory Deploying web application directory D:\Program Files\cas-tomcat-8.0.30\apache-tomcat-8.0.30\webapps\ROOT
15-Apr-2016 11:03:40.555 INFO [localhost-startStop-1] org.apache.catalina.startup.HostConfig.deployDirectory Deployment of web application directory D:\Program Files\cas-tomcat-8.0.30\apache-tomcat-8.0.30\webapps\ROOT has finished in 9 ms
15-Apr-2016 11:03:40.556 INFO [main] org.apache.coyote.AbstractProtocol.start Starting ProtocolHandler ["http-apr-80"]
15-Apr-2016 11:03:40.561 INFO [main] org.apache.coyote.AbstractProtocol.start Starting ProtocolHandler ["http-nio-8443"]
15-Apr-2016 11:03:40.562 INFO [main] org.apache.coyote.AbstractProtocol.start Starting ProtocolHandler ["ajp-apr-8009"]
15-Apr-2016 11:03:40.563 INFO [main] org.apache.catalina.startup.Catalina.start Server startup in 1568 ms
15-Apr-2016 11:13:19.853 INFO [main] org.apache.catalina.core.StandardServer.await A valid shutdown command was received via the shutdown port. Stopping the Server instance.
15-Apr-2016 11:13:19.854 INFO [main] org.apache.coyote.AbstractProtocol.pause Pausing ProtocolHandler ["http-apr-80"]
15-Apr-2016 11:13:19.906 INFO [main] org.apache.coyote.AbstractProtocol.pause Pausing ProtocolHandler ["http-nio-8443"]
15-Apr-2016 11:13:19.957 INFO [main] org.apache.coyote.AbstractProtocol.pause Pausing ProtocolHandler ["ajp-apr-8009"]
15-Apr-2016 11:13:20.008 INFO [main] org.apache.catalina.core.StandardService.stopInternal Stopping service Catalina
15-Apr-2016 11:13:20.064 INFO [main] org.apache.coyote.AbstractProtocol.stop Stopping ProtocolHandler ["http-apr-80"]
15-Apr-2016 11:13:20.115 INFO [main] org.apache.coyote.AbstractProtocol.stop Stopping ProtocolHandler ["http-nio-8443"]
15-Apr-2016 11:13:20.119 INFO [main] org.apache.coyote.AbstractProtocol.stop Stopping ProtocolHandler ["ajp-apr-8009"]
15-Apr-2016 11:13:20.170 INFO [main] org.apache.coyote.AbstractProtocol.destroy Destroying ProtocolHandler ["http-apr-80"]
15-Apr-2016 11:13:20.171 INFO [main] org.apache.coyote.AbstractProtocol.destroy Destroying ProtocolHandler ["http-nio-8443"]
15-Apr-2016 11:13:20.172 INFO [main] org.apache.coyote.AbstractProtocol.destroy Destroying ProtocolHandler ["ajp-apr-8009"]
15-Apr-2016 11:15:18.977 INFO [main] org.apache.catalina.startup.VersionLoggerListener.log Server version:        Apache Tomcat/8.0.30
15-Apr-2016 11:15:18.978 INFO [main] org.apache.catalina.startup.VersionLoggerListener.log Server built:          Dec 1 2015 22:30:46 UTC
15-Apr-2016 11:15:18.978 INFO [main] org.apache.catalina.startup.VersionLoggerListener.log Server number:         8.0.30.0
15-Apr-2016 11:15:18.978 INFO [main] org.apache.catalina.startup.VersionLoggerListener.log OS Name:               Windows 7
15-Apr-2016 11:15:18.979 INFO [main] org.apache.catalina.startup.VersionLoggerListener.log OS Version:            6.1
15-Apr-2016 11:15:18.979 INFO [main] org.apache.catalina.startup.VersionLoggerListener.log Architecture:          amd64
15-Apr-2016 11:15:18.979 INFO [main] org.apache.catalina.startup.VersionLoggerListener.log Java Home:             D:\Program Files\Java\jdk1.8.0_60\jre
15-Apr-2016 11:15:18.979 INFO [main] org.apache.catalina.startup.VersionLoggerListener.log JVM Version:           1.8.0_60-b27
15-Apr-2016 11:15:18.979 INFO [main] org.apache.catalina.startup.VersionLoggerListener.log JVM Vendor:            Oracle Corporation
15-Apr-2016 11:15:18.979 INFO [main] org.apache.catalina.startup.VersionLoggerListener.log CATALINA_BASE:         D:\Program Files\cas-tomcat-8.0.30\apache-tomcat-8.0.30
15-Apr-2016 11:15:18.979 INFO [main] org.apache.catalina.startup.VersionLoggerListener.log CATALINA_HOME:         D:\Program Files\cas-tomcat-8.0.30\apache-tomcat-8.0.30
15-Apr-2016 11:15:18.979 INFO [main] org.apache.catalina.startup.VersionLoggerListener.log Command line argument: -Djava.util.logging.config.file=D:\Program Files\cas-tomcat-8.0.30\apache-tomcat-8.0.30\conf\logging.properties
15-Apr-2016 11:15:18.979 INFO [main] org.apache.catalina.startup.VersionLoggerListener.log Command line argument: -Djava.util.logging.manager=org.apache.juli.ClassLoaderLogManager
15-Apr-2016 11:15:18.980 INFO [main] org.apache.catalina.startup.VersionLoggerListener.log Command line argument: -Djava.endorsed.dirs=D:\Program Files\cas-tomcat-8.0.30\apache-tomcat-8.0.30\endorsed
15-Apr-2016 11:15:18.980 INFO [main] org.apache.catalina.startup.VersionLoggerListener.log Command line argument: -Dcatalina.base=D:\Program Files\cas-tomcat-8.0.30\apache-tomcat-8.0.30
15-Apr-2016 11:15:18.980 INFO [main] org.apache.catalina.startup.VersionLoggerListener.log Command line argument: -Dcatalina.home=D:\Program Files\cas-tomcat-8.0.30\apache-tomcat-8.0.30
15-Apr-2016 11:15:18.981 INFO [main] org.apache.catalina.startup.VersionLoggerListener.log Command line argument: -Djava.io.tmpdir=D:\Program Files\cas-tomcat-8.0.30\apache-tomcat-8.0.30\temp
15-Apr-2016 11:15:18.981 INFO [main] org.apache.catalina.core.AprLifecycleListener.lifecycleEvent Loaded APR based Apache Tomcat Native library 1.1.33 using APR version 1.5.1.
15-Apr-2016 11:15:18.981 INFO [main] org.apache.catalina.core.AprLifecycleListener.lifecycleEvent APR capabilities: IPv6 [true], sendfile [true], accept filters [false], random [true].
15-Apr-2016 11:15:19.414 INFO [main] org.apache.catalina.core.AprLifecycleListener.initializeSSL OpenSSL successfully initialized (OpenSSL 1.0.1m 19 Mar 2015)
15-Apr-2016 11:15:19.483 INFO [main] org.apache.coyote.AbstractProtocol.init Initializing ProtocolHandler ["http-apr-80"]
15-Apr-2016 11:15:19.497 INFO [main] org.apache.coyote.AbstractProtocol.init Initializing ProtocolHandler ["http-nio-8443"]
15-Apr-2016 11:15:19.663 INFO [main] org.apache.tomcat.util.net.NioSelectorPool.getSharedSelector Using a shared selector for servlet write/read
15-Apr-2016 11:15:19.664 INFO [main] org.apache.coyote.AbstractProtocol.init Initializing ProtocolHandler ["ajp-apr-8009"]
15-Apr-2016 11:15:19.665 INFO [main] org.apache.catalina.startup.Catalina.load Initialization processed in 879 ms
15-Apr-2016 11:15:19.676 INFO [main] org.apache.catalina.core.StandardService.startInternal Starting service Catalina
15-Apr-2016 11:15:19.676 INFO [main] org.apache.catalina.core.StandardEngine.startInternal Starting Servlet Engine: Apache Tomcat/8.0.30
15-Apr-2016 11:15:19.688 INFO [localhost-startStop-1] org.apache.catalina.startup.HostConfig.deployWAR Deploying web application archive D:\Program Files\cas-tomcat-8.0.30\apache-tomcat-8.0.30\webapps\cas.war
15-Apr-2016 11:15:20.283 INFO [localhost-startStop-1] org.apache.jasper.servlet.TldScanner.scanJars At least one JAR was scanned for TLDs yet contained no TLDs. Enable debug logging for this logger for a complete list of JARs that were scanned but no TLDs were found in them. Skipping unneeded JARs during scanning can improve startup time and JSP compilation time.
15-Apr-2016 11:15:21.028 INFO [localhost-startStop-1] org.apache.catalina.startup.HostConfig.deployWAR Deployment of web application archive D:\Program Files\cas-tomcat-8.0.30\apache-tomcat-8.0.30\webapps\cas.war has finished in 1,340 ms
15-Apr-2016 11:15:21.029 INFO [localhost-startStop-1] org.apache.catalina.startup.HostConfig.deployDirectory Deploying web application directory D:\Program Files\cas-tomcat-8.0.30\apache-tomcat-8.0.30\webapps\docs
15-Apr-2016 11:15:21.039 INFO [localhost-startStop-1] org.apache.catalina.startup.HostConfig.deployDirectory Deployment of web application directory D:\Program Files\cas-tomcat-8.0.30\apache-tomcat-8.0.30\webapps\docs has finished in 10 ms
15-Apr-2016 11:15:21.039 INFO [localhost-startStop-1] org.apache.catalina.startup.HostConfig.deployDirectory Deploying web application directory D:\Program Files\cas-tomcat-8.0.30\apache-tomcat-8.0.30\webapps\examples
15-Apr-2016 11:15:21.150 INFO [localhost-startStop-1] org.apache.catalina.startup.HostConfig.deployDirectory Deployment of web application directory D:\Program Files\cas-tomcat-8.0.30\apache-tomcat-8.0.30\webapps\examples has finished in 110 ms
15-Apr-2016 11:15:21.150 INFO [localhost-startStop-1] org.apache.catalina.startup.HostConfig.deployDirectory Deploying web application directory D:\Program Files\cas-tomcat-8.0.30\apache-tomcat-8.0.30\webapps\host-manager
15-Apr-2016 11:15:21.165 INFO [localhost-startStop-1] org.apache.catalina.startup.HostConfig.deployDirectory Deployment of web application directory D:\Program Files\cas-tomcat-8.0.30\apache-tomcat-8.0.30\webapps\host-manager has finished in 15 ms
15-Apr-2016 11:15:21.166 INFO [localhost-startStop-1] org.apache.catalina.startup.HostConfig.deployDirectory Deploying web application directory D:\Program Files\cas-tomcat-8.0.30\apache-tomcat-8.0.30\webapps\manager
15-Apr-2016 11:15:21.181 INFO [localhost-startStop-1] org.apache.catalina.startup.HostConfig.deployDirectory Deployment of web application directory D:\Program Files\cas-tomcat-8.0.30\apache-tomcat-8.0.30\webapps\manager has finished in 15 ms
15-Apr-2016 11:15:21.181 INFO [localhost-startStop-1] org.apache.catalina.startup.HostConfig.deployDirectory Deploying web application directory D:\Program Files\cas-tomcat-8.0.30\apache-tomcat-8.0.30\webapps\ROOT
15-Apr-2016 11:15:21.191 INFO [localhost-startStop-1] org.apache.catalina.startup.HostConfig.deployDirectory Deployment of web application directory D:\Program Files\cas-tomcat-8.0.30\apache-tomcat-8.0.30\webapps\ROOT has finished in 9 ms
15-Apr-2016 11:15:21.193 INFO [main] org.apache.coyote.AbstractProtocol.start Starting ProtocolHandler ["http-apr-80"]
15-Apr-2016 11:15:21.196 INFO [main] org.apache.coyote.AbstractProtocol.start Starting ProtocolHandler ["http-nio-8443"]
15-Apr-2016 11:15:21.198 INFO [main] org.apache.coyote.AbstractProtocol.start Starting ProtocolHandler ["ajp-apr-8009"]
15-Apr-2016 11:15:21.198 INFO [main] org.apache.catalina.startup.Catalina.start Server startup in 1533 ms
15-Apr-2016 11:23:12.603 INFO [main] org.apache.catalina.core.StandardServer.await A valid shutdown command was received via the shutdown port. Stopping the Server instance.
15-Apr-2016 11:23:12.604 INFO [main] org.apache.coyote.AbstractProtocol.pause Pausing ProtocolHandler ["http-apr-80"]
15-Apr-2016 11:23:12.654 INFO [main] org.apache.coyote.AbstractProtocol.pause Pausing ProtocolHandler ["http-nio-8443"]
15-Apr-2016 11:23:12.704 INFO [main] org.apache.coyote.AbstractProtocol.pause Pausing ProtocolHandler ["ajp-apr-8009"]
15-Apr-2016 11:23:12.755 INFO [main] org.apache.catalina.core.StandardService.stopInternal Stopping service Catalina
15-Apr-2016 11:23:12.804 INFO [main] org.apache.coyote.AbstractProtocol.stop Stopping ProtocolHandler ["http-apr-80"]
15-Apr-2016 11:23:12.854 INFO [main] org.apache.coyote.AbstractProtocol.stop Stopping ProtocolHandler ["http-nio-8443"]
15-Apr-2016 11:23:12.859 INFO [main] org.apache.coyote.AbstractProtocol.stop Stopping ProtocolHandler ["ajp-apr-8009"]
15-Apr-2016 11:23:12.909 INFO [main] org.apache.coyote.AbstractProtocol.destroy Destroying ProtocolHandler ["http-apr-80"]
15-Apr-2016 11:23:12.910 INFO [main] org.apache.coyote.AbstractProtocol.destroy Destroying ProtocolHandler ["http-nio-8443"]
15-Apr-2016 11:23:12.912 INFO [main] org.apache.coyote.AbstractProtocol.destroy Destroying ProtocolHandler ["ajp-apr-8009"]
15-Apr-2016 11:26:15.580 INFO [main] org.apache.catalina.startup.VersionLoggerListener.log Server version:        Apache Tomcat/8.0.30
15-Apr-2016 11:26:15.581 INFO [main] org.apache.catalina.startup.VersionLoggerListener.log Server built:          Dec 1 2015 22:30:46 UTC
15-Apr-2016 11:26:15.581 INFO [main] org.apache.catalina.startup.VersionLoggerListener.log Server number:         8.0.30.0
15-Apr-2016 11:26:15.581 INFO [main] org.apache.catalina.startup.VersionLoggerListener.log OS Name:               Windows 7
15-Apr-2016 11:26:15.581 INFO [main] org.apache.catalina.startup.VersionLoggerListener.log OS Version:            6.1
15-Apr-2016 11:26:15.581 INFO [main] org.apache.catalina.startup.VersionLoggerListener.log Architecture:          amd64
15-Apr-2016 11:26:15.582 INFO [main] org.apache.catalina.startup.VersionLoggerListener.log Java Home:             D:\Program Files\Java\jdk1.8.0_60\jre
15-Apr-2016 11:26:15.582 INFO [main] org.apache.catalina.startup.VersionLoggerListener.log JVM Version:           1.8.0_60-b27
15-Apr-2016 11:26:15.582 INFO [main] org.apache.catalina.startup.VersionLoggerListener.log JVM Vendor:            Oracle Corporation
15-Apr-2016 11:26:15.582 INFO [main] org.apache.catalina.startup.VersionLoggerListener.log CATALINA_BASE:         D:\Program Files\cas-tomcat-8.0.30\apache-tomcat-8.0.30
15-Apr-2016 11:26:15.582 INFO [main] org.apache.catalina.startup.VersionLoggerListener.log CATALINA_HOME:         D:\Program Files\cas-tomcat-8.0.30\apache-tomcat-8.0.30
15-Apr-2016 11:26:15.582 INFO [main] org.apache.catalina.startup.VersionLoggerListener.log Command line argument: -Djava.util.logging.config.file=D:\Program Files\cas-tomcat-8.0.30\apache-tomcat-8.0.30\conf\logging.properties
15-Apr-2016 11:26:15.582 INFO [main] org.apache.catalina.startup.VersionLoggerListener.log Command line argument: -Djava.util.logging.manager=org.apache.juli.ClassLoaderLogManager
15-Apr-2016 11:26:15.583 INFO [main] org.apache.catalina.startup.VersionLoggerListener.log Command line argument: -Djava.endorsed.dirs=D:\Program Files\cas-tomcat-8.0.30\apache-tomcat-8.0.30\endorsed
15-Apr-2016 11:26:15.583 INFO [main] org.apache.catalina.startup.VersionLoggerListener.log Command line argument: -Dcatalina.base=D:\Program Files\cas-tomcat-8.0.30\apache-tomcat-8.0.30
15-Apr-2016 11:26:15.583 INFO [main] org.apache.catalina.startup.VersionLoggerListener.log Command line argument: -Dcatalina.home=D:\Program Files\cas-tomcat-8.0.30\apache-tomcat-8.0.30
15-Apr-2016 11:26:15.583 INFO [main] org.apache.catalina.startup.VersionLoggerListener.log Command line argument: -Djava.io.tmpdir=D:\Program Files\cas-tomcat-8.0.30\apache-tomcat-8.0.30\temp
15-Apr-2016 11:26:15.583 INFO [main] org.apache.catalina.core.AprLifecycleListener.lifecycleEvent Loaded APR based Apache Tomcat Native library 1.1.33 using APR version 1.5.1.
15-Apr-2016 11:26:15.584 INFO [main] org.apache.catalina.core.AprLifecycleListener.lifecycleEvent APR capabilities: IPv6 [true], sendfile [true], accept filters [false], random [true].
15-Apr-2016 11:26:16.012 INFO [main] org.apache.catalina.core.AprLifecycleListener.initializeSSL OpenSSL successfully initialized (OpenSSL 1.0.1m 19 Mar 2015)
15-Apr-2016 11:26:16.080 INFO [main] org.apache.coyote.AbstractProtocol.init Initializing ProtocolHandler ["http-apr-80"]
15-Apr-2016 11:26:16.096 INFO [main] org.apache.coyote.AbstractProtocol.init Initializing ProtocolHandler ["http-nio-8443"]
15-Apr-2016 11:26:16.264 INFO [main] org.apache.tomcat.util.net.NioSelectorPool.getSharedSelector Using a shared selector for servlet write/read
15-Apr-2016 11:26:16.266 INFO [main] org.apache.coyote.AbstractProtocol.init Initializing ProtocolHandler ["ajp-apr-8009"]
15-Apr-2016 11:26:16.267 INFO [main] org.apache.catalina.startup.Catalina.load Initialization processed in 885 ms
15-Apr-2016 11:26:16.279 INFO [main] org.apache.catalina.core.StandardService.startInternal Starting service Catalina
15-Apr-2016 11:26:16.279 INFO [main] org.apache.catalina.core.StandardEngine.startInternal Starting Servlet Engine: Apache Tomcat/8.0.30
15-Apr-2016 11:26:16.291 INFO [localhost-startStop-1] org.apache.catalina.startup.HostConfig.deployWAR Deploying web application archive D:\Program Files\cas-tomcat-8.0.30\apache-tomcat-8.0.30\webapps\cas.war
15-Apr-2016 11:26:16.864 INFO [localhost-startStop-1] org.apache.jasper.servlet.TldScanner.scanJars At least one JAR was scanned for TLDs yet contained no TLDs. Enable debug logging for this logger for a complete list of JARs that were scanned but no TLDs were found in them. Skipping unneeded JARs during scanning can improve startup time and JSP compilation time.
15-Apr-2016 11:26:17.586 INFO [localhost-startStop-1] org.apache.catalina.startup.HostConfig.deployWAR Deployment of web application archive D:\Program Files\cas-tomcat-8.0.30\apache-tomcat-8.0.30\webapps\cas.war has finished in 1,295 ms
15-Apr-2016 11:26:17.587 INFO [localhost-startStop-1] org.apache.catalina.startup.HostConfig.deployDirectory Deploying web application directory D:\Program Files\cas-tomcat-8.0.30\apache-tomcat-8.0.30\webapps\docs
15-Apr-2016 11:26:17.597 INFO [localhost-startStop-1] org.apache.catalina.startup.HostConfig.deployDirectory Deployment of web application directory D:\Program Files\cas-tomcat-8.0.30\apache-tomcat-8.0.30\webapps\docs has finished in 10 ms
15-Apr-2016 11:26:17.597 INFO [localhost-startStop-1] org.apache.catalina.startup.HostConfig.deployDirectory Deploying web application directory D:\Program Files\cas-tomcat-8.0.30\apache-tomcat-8.0.30\webapps\examples
15-Apr-2016 11:26:17.711 INFO [localhost-startStop-1] org.apache.catalina.startup.HostConfig.deployDirectory Deployment of web application directory D:\Program Files\cas-tomcat-8.0.30\apache-tomcat-8.0.30\webapps\examples has finished in 114 ms
15-Apr-2016 11:26:17.712 INFO [localhost-startStop-1] org.apache.catalina.startup.HostConfig.deployDirectory Deploying web application directory D:\Program Files\cas-tomcat-8.0.30\apache-tomcat-8.0.30\webapps\host-manager
15-Apr-2016 11:26:17.728 INFO [localhost-startStop-1] org.apache.catalina.startup.HostConfig.deployDirectory Deployment of web application directory D:\Program Files\cas-tomcat-8.0.30\apache-tomcat-8.0.30\webapps\host-manager has finished in 16 ms
15-Apr-2016 11:26:17.728 INFO [localhost-startStop-1] org.apache.catalina.startup.HostConfig.deployDirectory Deploying web application directory D:\Program Files\cas-tomcat-8.0.30\apache-tomcat-8.0.30\webapps\manager
15-Apr-2016 11:26:17.742 INFO [localhost-startStop-1] org.apache.catalina.startup.HostConfig.deployDirectory Deployment of web application directory D:\Program Files\cas-tomcat-8.0.30\apache-tomcat-8.0.30\webapps\manager has finished in 14 ms
15-Apr-2016 11:26:17.742 INFO [localhost-startStop-1] org.apache.catalina.startup.HostConfig.deployDirectory Deploying web application directory D:\Program Files\cas-tomcat-8.0.30\apache-tomcat-8.0.30\webapps\ROOT
15-Apr-2016 11:26:17.754 INFO [localhost-startStop-1] org.apache.catalina.startup.HostConfig.deployDirectory Deployment of web application directory D:\Program Files\cas-tomcat-8.0.30\apache-tomcat-8.0.30\webapps\ROOT has finished in 12 ms
15-Apr-2016 11:26:17.756 INFO [main] org.apache.coyote.AbstractProtocol.start Starting ProtocolHandler ["http-apr-80"]
15-Apr-2016 11:26:17.760 INFO [main] org.apache.coyote.AbstractProtocol.start Starting ProtocolHandler ["http-nio-8443"]
15-Apr-2016 11:26:17.761 INFO [main] org.apache.coyote.AbstractProtocol.start Starting ProtocolHandler ["ajp-apr-8009"]
15-Apr-2016 11:26:17.762 INFO [main] org.apache.catalina.startup.Catalina.start Server startup in 1493 ms
