15-Apr-2016 09:34:19.476 INFO [localhost-startStop-1] org.apache.catalina.core.ApplicationContext.log Initializing Log4J from [classpath:log4j.properties]
15-Apr-2016 09:34:19.484 INFO [localhost-startStop-1] org.apache.catalina.core.ApplicationContext.log Initializing Spring root WebApplicationContext
15-Apr-2016 09:34:22.237 INFO [localhost-startStop-1] org.apache.catalina.core.ApplicationContext.log Initializing Spring FrameworkServlet 'cas'
15-Apr-2016 09:34:23.430 INFO [localhost-startStop-1] org.apache.catalina.core.ApplicationContext.log ContextListener: contextInitialized()
15-Apr-2016 09:34:23.431 INFO [localhost-startStop-1] org.apache.catalina.core.ApplicationContext.log SessionListener: contextInitialized()
15-Apr-2016 11:01:12.078 INFO [localhost-startStop-2] org.apache.catalina.core.ApplicationContext.log Closing Spring root WebApplicationContext
15-Apr-2016 11:01:12.082 INFO [localhost-startStop-2] org.apache.catalina.core.ApplicationContext.log Shutting down Log4J
15-Apr-2016 11:01:12.110 INFO [localhost-startStop-2] org.apache.catalina.core.ApplicationContext.log SessionListener: contextDestroyed()
15-Apr-2016 11:01:12.110 INFO [localhost-startStop-2] org.apache.catalina.core.ApplicationContext.log ContextListener: contextDestroyed()
15-Apr-2016 11:01:32.141 INFO [localhost-startStop-1] org.apache.catalina.core.ApplicationContext.log Initializing Log4J from [classpath:log4j.properties]
15-Apr-2016 11:01:32.152 INFO [localhost-startStop-1] org.apache.catalina.core.ApplicationContext.log Initializing Spring root WebApplicationContext
15-Apr-2016 11:01:32.624 INFO [localhost-startStop-1] org.apache.catalina.core.ApplicationContext.log Initializing Spring FrameworkServlet 'cas'
15-Apr-2016 11:01:32.953 INFO [localhost-startStop-1] org.apache.catalina.core.ApplicationContext.log ContextListener: contextInitialized()
15-Apr-2016 11:01:32.953 INFO [localhost-startStop-1] org.apache.catalina.core.ApplicationContext.log SessionListener: contextInitialized()
15-Apr-2016 11:03:39.680 INFO [localhost-startStop-1] org.apache.catalina.core.ApplicationContext.log Initializing Log4J from [classpath:log4j.properties]
15-Apr-2016 11:03:39.687 INFO [localhost-startStop-1] org.apache.catalina.core.ApplicationContext.log Initializing Spring root WebApplicationContext
15-Apr-2016 11:03:40.161 INFO [localhost-startStop-1] org.apache.catalina.core.ApplicationContext.log Initializing Spring FrameworkServlet 'cas'
15-Apr-2016 11:03:40.510 INFO [localhost-startStop-1] org.apache.catalina.core.ApplicationContext.log ContextListener: contextInitialized()
15-Apr-2016 11:03:40.510 INFO [localhost-startStop-1] org.apache.catalina.core.ApplicationContext.log SessionListener: contextInitialized()
15-Apr-2016 11:13:20.022 INFO [localhost-startStop-2] org.apache.catalina.core.ApplicationContext.log Closing Spring root WebApplicationContext
15-Apr-2016 11:13:20.025 INFO [localhost-startStop-2] org.apache.catalina.core.ApplicationContext.log Shutting down Log4J
15-Apr-2016 11:13:20.050 INFO [localhost-startStop-2] org.apache.catalina.core.ApplicationContext.log SessionListener: contextDestroyed()
15-Apr-2016 11:13:20.051 INFO [localhost-startStop-2] org.apache.catalina.core.ApplicationContext.log ContextListener: contextDestroyed()
15-Apr-2016 11:15:20.346 INFO [localhost-startStop-1] org.apache.catalina.core.ApplicationContext.log Initializing Log4J from [classpath:log4j.properties]
15-Apr-2016 11:15:20.354 INFO [localhost-startStop-1] org.apache.catalina.core.ApplicationContext.log Initializing Spring root WebApplicationContext
15-Apr-2016 11:15:20.804 INFO [localhost-startStop-1] org.apache.catalina.core.ApplicationContext.log Initializing Spring FrameworkServlet 'cas'
15-Apr-2016 11:15:21.144 INFO [localhost-startStop-1] org.apache.catalina.core.ApplicationContext.log ContextListener: contextInitialized()
15-Apr-2016 11:15:21.144 INFO [localhost-startStop-1] org.apache.catalina.core.ApplicationContext.log SessionListener: contextInitialized()
15-Apr-2016 11:23:12.762 INFO [localhost-startStop-2] org.apache.catalina.core.ApplicationContext.log Closing Spring root WebApplicationContext
15-Apr-2016 11:23:12.764 INFO [localhost-startStop-2] org.apache.catalina.core.ApplicationContext.log Shutting down Log4J
15-Apr-2016 11:23:12.796 INFO [localhost-startStop-2] org.apache.catalina.core.ApplicationContext.log SessionListener: contextDestroyed()
15-Apr-2016 11:23:12.796 INFO [localhost-startStop-2] org.apache.catalina.core.ApplicationContext.log ContextListener: contextDestroyed()
15-Apr-2016 11:26:16.923 INFO [localhost-startStop-1] org.apache.catalina.core.ApplicationContext.log Initializing Log4J from [classpath:log4j.properties]
15-Apr-2016 11:26:16.930 INFO [localhost-startStop-1] org.apache.catalina.core.ApplicationContext.log Initializing Spring root WebApplicationContext
15-Apr-2016 11:26:17.379 INFO [localhost-startStop-1] org.apache.catalina.core.ApplicationContext.log Initializing Spring FrameworkServlet 'cas'
15-Apr-2016 11:26:17.705 INFO [localhost-startStop-1] org.apache.catalina.core.ApplicationContext.log ContextListener: contextInitialized()
15-Apr-2016 11:26:17.705 INFO [localhost-startStop-1] org.apache.catalina.core.ApplicationContext.log SessionListener: contextInitialized()
